<?xml version="1.0" encoding="UTF-8"?>
<!-- Generated by org.testng.reporters.JUnitXMLReporter -->
<testsuite hostname="Halda" ignored="1" name="Send email from outlook addin test" tests="1" failures="0" timestamp="13 Jul 2017 05:48:03 GMT" time="34.592" errors="0">
  <testcase name="sendNewSecureEmail" time="34.59" classname="tests.SendingEmailTest"/>
  <testcase name="test" time="0.0" classname="tests.SendingEmailTest">
    <ignored/>
  </testcase> <!-- test -->
</testsuite> <!-- Send email from outlook addin test -->
