<?xml version="1.0" encoding="UTF-8"?>
<!-- Generated by org.testng.reporters.JUnitXMLReporter -->
<testsuite hostname="Halda" ignored="3" name="Configuration window test" tests="1" failures="0" timestamp="12 Jul 2017 04:37:55 GMT" time="52.71" errors="0">
  <testcase name="correctCredential" time="52.694" classname="tests.OutlookConfigurationWindowTest"/>
  <testcase name="emptyCredential" time="0.0" classname="tests.OutlookConfigurationWindowTest">
    <ignored/>
  </testcase> <!-- emptyCredential -->
  <testcase name="outolookAddinDisabledFromServer" time="0.0" classname="tests.OutlookConfigurationWindowTest">
    <ignored/>
  </testcase> <!-- outolookAddinDisabledFromServer -->
  <testcase name="wrongCredential" time="0.0" classname="tests.OutlookConfigurationWindowTest">
    <ignored/>
  </testcase> <!-- wrongCredential -->
</testsuite> <!-- Configuration window test -->
