<?xml version="1.0" encoding="UTF-8"?>
<!-- Generated by org.testng.reporters.JUnitXMLReporter -->
<testsuite hostname="Halda" ignored="0" tests="4" failures="0" timestamp="29 May 2017 05:21:56 GMT" time="22.036" errors="0">
  <testcase name="@BeforeClass setUpEnvironment" time="21.998" classname="RunTest">
    <failure type="org.openqa.selenium.WebDriverException" message="Timed out waiting for driver server to start.
Build info: version: &amp;apos;2.48.2&amp;apos;, revision: &amp;apos;41bccdd10cf2c0560f637404c2d96164b67d9d67&amp;apos;, time: &amp;apos;2015-10-09 13:08:06&amp;apos;
System info: host: &amp;apos;Halda&amp;apos;, ip: &amp;apos;192.168.10.174&amp;apos;, os.name: &amp;apos;Windows 10&amp;apos;, os.arch: &amp;apos;amd64&amp;apos;, os.version: &amp;apos;10.0&amp;apos;, java.version: &amp;apos;1.8.0_101&amp;apos;
Driver info: driver.version: unknown">
      <![CDATA[org.openqa.selenium.WebDriverException: Timed out waiting for driver server to start.
Build info: version: '2.48.2', revision: '41bccdd10cf2c0560f637404c2d96164b67d9d67', time: '2015-10-09 13:08:06'
System info: host: 'Halda', ip: '192.168.10.174', os.name: 'Windows 10', os.arch: 'amd64', os.version: '10.0', java.version: '1.8.0_101'
Driver info: driver.version: unknown
	at org.openqa.selenium.remote.service.DriverService.waitUntilAvailable(DriverService.java:178)
	at org.openqa.selenium.remote.service.DriverService.start(DriverService.java:166)
	at winium.setupenvironment.WiniumEnvironmentConfiguration.setupEnvironment(WiniumEnvironmentConfiguration.java:132)
	at RunTest.setUpEnvironment(RunTest.java:65)
	at RunTest.main(RunTest.java:49)
	at com.intellij.rt.execution.application.AppMain.main(AppMain.java:147)
Caused by: org.openqa.selenium.net.UrlChecker$TimeoutException: Timed out waiting for [http://localhost:9999/status] to be available after 20003 ms
	at org.openqa.selenium.net.UrlChecker.waitUntilAvailable(UrlChecker.java:104)
	at org.openqa.selenium.remote.service.DriverService.waitUntilAvailable(DriverService.java:175)
	... 31 more
Caused by: com.google.common.util.concurrent.UncheckedTimeoutException: java.util.concurrent.TimeoutException
	at com.google.common.util.concurrent.SimpleTimeLimiter.callWithTimeout(SimpleTimeLimiter.java:143)
	at org.openqa.selenium.net.UrlChecker.waitUntilAvailable(UrlChecker.java:79)
	... 32 more
Caused by: java.util.concurrent.TimeoutException
	at java.util.concurrent.FutureTask.get(FutureTask.java:205)
	at com.google.common.util.concurrent.SimpleTimeLimiter.callWithTimeout(SimpleTimeLimiter.java:130)
	... 33 more
... Removed 26 stack frames]]>
    </failure>
  </testcase> <!-- @BeforeClass setUpEnvironment -->
  <testcase name="emptyCredential" time="0.001" classname="RunTest">
    <skipped/>
  </testcase> <!-- emptyCredential -->
  <testcase name="wrongCredentialConfigurationWindowTest" time="0.0" classname="RunTest">
    <skipped/>
  </testcase> <!-- wrongCredentialConfigurationWindowTest -->
  <testcase name="correctCredentialConfigurationWIndowTest" time="0.0" classname="RunTest">
    <skipped/>
  </testcase> <!-- correctCredentialConfigurationWIndowTest -->
  <testcase name="outolookAddinDisabledFromServer" time="0.0" classname="RunTest">
    <skipped/>
  </testcase> <!-- outolookAddinDisabledFromServer -->
</testsuite>
