<?xml version="1.0" encoding="UTF-8"?>
<!-- Generated by org.testng.reporters.JUnitXMLReporter -->
<testsuite hostname="Halda" ignored="1" name="Send email from outlook addin test" tests="1" failures="1" timestamp="12 Jul 2017 04:37:55 GMT" time="0.002" errors="0">
  <testcase name="sendNewSecureEmail" time="0.0" classname="tests.SendingEmailTest">
    <failure type="java.lang.NullPointerException">
      <![CDATA[java.lang.NullPointerException
	at tests.SendingEmailTest.sendNewSecureEmail(SendingEmailTest.java:56)
	at RunTest.main(RunTest.java:45)
	at com.intellij.rt.execution.application.AppMain.main(AppMain.java:147)
... Removed 26 stack frames]]>
    </failure>
  </testcase> <!-- sendNewEmail -->
  <testcase name="test" time="0.0" classname="tests.SendingEmailTest">
    <ignored/>
  </testcase> <!-- test -->
</testsuite> <!-- Send email from outlook addin test -->
