<?xml version="1.0" encoding="UTF-8"?>
<!-- Generated by org.testng.reporters.JUnitXMLReporter -->
<testsuite hostname="Halda" ignored="1" name="Send Secure email when Policy enable and user Bypass policy selected yes 1" tests="1" failures="0" timestamp="29 Oct 2017 03:10:47 GMT" time="64.685" errors="0">
  <testcase name="sendNewSecureEmail" time="54.245" classname="tests.SendingEmailTest"/>
  <testcase name="sendNewEmailWithRules" time="0.0" classname="tests.SendingEmailTest">
    <ignored/>
  </testcase> <!-- sendNewEmailWithRules -->
</testsuite> <!-- Send Secure email when Policy enable and user Bypass policy selected yes 1 -->
