<?xml version="1.0" encoding="UTF-8"?>
<!-- Generated by org.testng.reporters.JUnitXMLReporter -->
<testsuite hostname="Halda" ignored="1" name="Send email when Policy enable and user Bypass policy selected yes" tests="1" failures="0" timestamp="24 Oct 2017 07:39:22 GMT" time="70.947" errors="0">
  <testcase name="sendNewEmail" time="70.92" classname="tests.SendingEmailTest"/>
  <testcase name="sendNewEmailWithRules" time="0.0" classname="tests.SendingEmailTest">
    <ignored/>
  </testcase> <!-- sendNewEmailWithRules -->
</testsuite> <!-- Send email when Policy enable and user Bypass policy selected yes -->
